Base path: D:/Unity/Editor/Data
Cmd: getPlatforms
Cmd: preprocess
  insize=9227 outsize=1691 ok=1
Cmd: preprocess
  insize=11029 outsize=565 ok=1
Cmd: preprocess
  insize=1401 outsize=441 ok=1
Cmd: preprocess
  insize=435 outsize=435 ok=1
Cmd: preprocess
  insize=7914 outsize=553 ok=1
Cmd: preprocess
  insize=1615 outsize=1855 ok=1
Cmd: preprocess
  insize=671 outsize=255 ok=1
Cmd: preprocess
  insize=1131 outsize=342 ok=1
Cmd: preprocess
  insize=11318 outsize=638 ok=1
Cmd: preprocess
  insize=1689 outsize=302 ok=1
Cmd: preprocess
  insize=3183 outsize=321 ok=1
Cmd: preprocess
  insize=930 outsize=297 ok=1
Cmd: preprocess
  insize=993 outsize=257 ok=1
Cmd: preprocess
  insize=2963 outsize=389 ok=1
Cmd: preprocess
  insize=2050 outsize=434 ok=1
Cmd: preprocess
  insize=1386 outsize=355 ok=1
Cmd: preprocess
  insize=1099 outsize=1288 ok=1
Cmd: preprocess
  insize=2611 outsize=295 ok=1
Cmd: preprocess
  insize=2709 outsize=391 ok=1
Cmd: preprocess
  insize=3925 outsize=544 ok=1
Cmd: preprocess
  insize=412 outsize=409 ok=1
Cmd: preprocess
  insize=1454 outsize=1799 ok=1
Cmd: preprocess
  insize=1013 outsize=1374 ok=1
Cmd: preprocess
  insize=1230 outsize=352 ok=1
Cmd: preprocess
  insize=6635 outsize=621 ok=1
Cmd: preprocess
  insize=1301 outsize=257 ok=1
Cmd: preprocess
  insize=21093 outsize=3146 ok=1
Cmd: preprocess
  insize=1044 outsize=939 ok=1
Cmd: preprocess
  insize=3618 outsize=352 ok=1
Cmd: preprocess
  insize=26585 outsize=6844 ok=1
Cmd: preprocess
  insize=5962 outsize=1842 ok=1
Cmd: preprocess
  insize=2080 outsize=1036 ok=1
Cmd: preprocess
  insize=2913 outsize=623 ok=1
Cmd: preprocess
  insize=883 outsize=244 ok=1
Cmd: preprocess
  insize=1513 outsize=333 ok=1
Cmd: preprocess
  insize=1460 outsize=294 ok=1
Cmd: preprocess
  insize=1868 outsize=223 ok=1
Cmd: preprocess
  insize=2188 outsize=281 ok=1
Cmd: preprocess
  insize=2379 outsize=1059 ok=1
Cmd: preprocess
  insize=1409 outsize=298 ok=1
Cmd: preprocess
  insize=514 outsize=1316 ok=1
Cmd: preprocess
  insize=31347 outsize=1466 ok=1
Cmd: preprocess
  insize=1323 outsize=271 ok=1
Cmd: preprocess
  insize=2298 outsize=587 ok=1
Cmd: preprocess
  insize=966 outsize=219 ok=1
Cmd: preprocess
  insize=701 outsize=270 ok=1
Cmd: preprocess
  insize=6615 outsize=842 ok=1
Cmd: preprocess
  insize=2237 outsize=943 ok=1
Cmd: preprocess
  insize=2724 outsize=1368 ok=1
Cmd: preprocess
  insize=32860 outsize=223 ok=1
Cmd: preprocess
  insize=1199 outsize=210 ok=1
Cmd: preprocess
  insize=4489 outsize=409 ok=1
Cmd: preprocess
  insize=7066 outsize=797 ok=1
Cmd: preprocess
  insize=992 outsize=217 ok=1
Cmd: preprocess
  insize=5828 outsize=1427 ok=1
Cmd: preprocess
  insize=1070 outsize=1437 ok=1
Cmd: preprocess
  insize=934 outsize=279 ok=1
Cmd: preprocess
  insize=6814 outsize=496 ok=1
Cmd: preprocess
  insize=767 outsize=313 ok=1
Cmd: preprocess
  insize=13377 outsize=1637 ok=1
Cmd: preprocess
  insize=1025 outsize=301 ok=1
Cmd: preprocess
  insize=6203 outsize=572 ok=1
Cmd: preprocess
  insize=1868 outsize=283 ok=1
Cmd: preprocess
  insize=2834 outsize=601 ok=1
Cmd: preprocess
  insize=10826 outsize=680 ok=1
Cmd: preprocess
  insize=2501 outsize=489 ok=1
Cmd: preprocess
  insize=11756 outsize=2419 ok=1
Cmd: preprocess
  insize=2810 outsize=1124 ok=1
Cmd: preprocess
  insize=4145 outsize=528 ok=1
Cmd: preprocess
  insize=13869 outsize=1927 ok=1
Cmd: preprocess
  insize=563 outsize=232 ok=1
Cmd: preprocess
  insize=1909 outsize=374 ok=1
Cmd: preprocess
  insize=1568 outsize=610 ok=1
Cmd: preprocess
  insize=1878 outsize=565 ok=1
Cmd: preprocess
  insize=1944 outsize=245 ok=1
Cmd: preprocess
  insize=2235 outsize=1056 ok=1
Cmd: preprocess
  insize=26137 outsize=3373 ok=1
Cmd: preprocess
  insize=4002 outsize=436 ok=1
Cmd: preprocess
  insize=1652 outsize=347 ok=1
Cmd: preprocess
  insize=2141 outsize=248 ok=1
Cmd: preprocess
  insize=1168 outsize=301 ok=1
Cmd: preprocess
  insize=1174 outsize=370 ok=1
Cmd: preprocess
  insize=737 outsize=217 ok=1
Cmd: preprocess
  insize=3342 outsize=1004 ok=1
Cmd: preprocess
  insize=715 outsize=355 ok=1
Cmd: preprocess
  insize=829 outsize=829 ok=1
Cmd: preprocess
  insize=5862 outsize=695 ok=1
Cmd: preprocess
  insize=927 outsize=366 ok=1
Cmd: preprocess
  insize=6090 outsize=576 ok=1
Cmd: preprocess
  insize=584 outsize=309 ok=1
Cmd: preprocess
  insize=8525 outsize=839 ok=1
Cmd: preprocess
  insize=1013 outsize=1614 ok=1
Cmd: preprocess
  insize=1459 outsize=474 ok=1
Cmd: preprocess
  insize=32870 outsize=221 ok=1
Cmd: preprocess
  insize=5286 outsize=1689 ok=1
Cmd: preprocess
  insize=1445 outsize=401 ok=1
Cmd: preprocess
  insize=28137 outsize=7701 ok=1
Cmd: preprocess
  insize=2274 outsize=1004 ok=1
Cmd: preprocess
  insize=6937 outsize=204 ok=1
Cmd: preprocess
  insize=5499 outsize=355 ok=1
Cmd: preprocess
  insize=3299 outsize=229 ok=1
Cmd: preprocess
  insize=5320 outsize=728 ok=1
Cmd: preprocess
  insize=1310 outsize=352 ok=1
Cmd: preprocess
  insize=879 outsize=358 ok=1
Cmd: preprocess
  insize=5895 outsize=1092 ok=1
Cmd: preprocess
  insize=716 outsize=253 ok=1
Cmd: preprocess
  insize=720 outsize=267 ok=1
Cmd: preprocess
  insize=4345 outsize=503 ok=1
Cmd: preprocess
  insize=862 outsize=243 ok=1
Cmd: preprocess
  insize=3092 outsize=1461 ok=1
Cmd: preprocess
  insize=1461 outsize=240 ok=1
Cmd: preprocess
  insize=2015 outsize=883 ok=1
Cmd: preprocess
  insize=1893 outsize=901 ok=1
Cmd: preprocess
  insize=880 outsize=1145 ok=1
Cmd: preprocess
  insize=5161 outsize=604 ok=1
Cmd: preprocess
  insize=1081 outsize=438 ok=1
Cmd: preprocess
  insize=1139 outsize=332 ok=1
Cmd: preprocess
  insize=512 outsize=209 ok=1
Cmd: preprocess
  insize=718 outsize=258 ok=1
Cmd: preprocess
  insize=1512 outsize=389 ok=1
Cmd: preprocess
  insize=5652 outsize=761 ok=1
Cmd: compileCompute
  api=4 insize=1431 outsize=2177 ok=1
Cmd: compileCompute
  api=4 insize=3267 outsize=4809 ok=1
Cmd: compileCompute
  api=4 insize=1522 outsize=1909 ok=1
Cmd: compileCompute
  api=4 insize=2283 outsize=1365 ok=1
